{"/Users/thegoods/Development/reactNativeApps/foodTrack/components/CompletedDayListItem.tsx": {"path":"/Users/thegoods/Development/reactNativeApps/foodTrack/components/CompletedDayListItem.tsx","statementMap":{"0":{"start":{"line":7,"column":5},"end":{"line":40,"column":1}},"1":{"start":{"line":8,"column":2},"end":{"line":39,"column":4}},"2":{"start":{"line":19,"column":14},"end":{"line":24,"column":16}},"3":{"start":{"line":42,"column":15},"end":{"line":53,"column":2}}},"fnMap":{"0":{"name":"(anonymous_0)","decl":{"start":{"line":7,"column":5},"end":{"line":7,"column":6}},"loc":{"start":{"line":7,"column":54},"end":{"line":40,"column":1}},"line":7},"1":{"name":"(anonymous_1)","decl":{"start":{"line":18,"column":12},"end":{"line":18,"column":13}},"loc":{"start":{"line":18,"column":49},"end":{"line":25,"column":13}},"line":18}},"branchMap":{"0":{"loc":{"start":{"line":10,"column":7},"end":{"line":37,"column":7}},"type":"cond-expr","locations":[{"start":{"line":12,"column":8},"end":{"line":32,"column":15}},{"start":{"line":34,"column":8},"end":{"line":36,"column":15}}],"line":10},"1":{"loc":{"start":{"line":10,"column":7},"end":{"line":11,"column":54}},"type":"binary-expr","locations":[{"start":{"line":10,"column":7},"end":{"line":10,"column":27}},{"start":{"line":11,"column":6},"end":{"line":11,"column":54}}],"line":10}},"s":{"0":1,"1":1,"2":2,"3":1},"f":{"0":1,"1":2},"b":{"0":[1,0],"1":[1,1]},"_coverageSchema":"1a1c01bbd47fc00a2c39e90264f33305004495a9","hash":"846677d713c1b8b41a2ac09b199cef8b34fd4bb0"}
,"/Users/thegoods/Development/reactNativeApps/foodTrack/components/Food.tsx": {"path":"/Users/thegoods/Development/reactNativeApps/foodTrack/components/Food.tsx","statementMap":{"0":{"start":{"line":8,"column":5},"end":{"line":26,"column":1}},"1":{"start":{"line":9,"column":2},"end":{"line":25,"column":4}},"2":{"start":{"line":19,"column":23},"end":{"line":19,"column":58}},"3":{"start":{"line":28,"column":15},"end":{"line":39,"column":2}}},"fnMap":{"0":{"name":"(anonymous_0)","decl":{"start":{"line":8,"column":5},"end":{"line":8,"column":6}},"loc":{"start":{"line":8,"column":53},"end":{"line":26,"column":1}},"line":8},"1":{"name":"(anonymous_1)","decl":{"start":{"line":19,"column":17},"end":{"line":19,"column":18}},"loc":{"start":{"line":19,"column":23},"end":{"line":19,"column":58}},"line":19}},"branchMap":{},"s":{"0":2,"1":3,"2":1,"3":2},"f":{"0":3,"1":1},"b":{},"_coverageSchema":"1a1c01bbd47fc00a2c39e90264f33305004495a9","hash":"1ce7ec38849e1229e469d2ec83b40db31247ddd7"}
,"/Users/thegoods/Development/reactNativeApps/foodTrack/components/FoodInputBar.tsx": {"path":"/Users/thegoods/Development/reactNativeApps/foodTrack/components/FoodInputBar.tsx","statementMap":{"0":{"start":{"line":13,"column":5},"end":{"line":67,"column":1}},"1":{"start":{"line":14,"column":36},"end":{"line":14,"column":56}},"2":{"start":{"line":15,"column":42},"end":{"line":15,"column":62}},"3":{"start":{"line":17,"column":17},"end":{"line":29,"column":3}},"4":{"start":{"line":18,"column":4},"end":{"line":21,"column":5}},"5":{"start":{"line":19,"column":6},"end":{"line":19,"column":59}},"6":{"start":{"line":20,"column":6},"end":{"line":20,"column":13}},"7":{"start":{"line":22,"column":4},"end":{"line":25,"column":5}},"8":{"start":{"line":23,"column":6},"end":{"line":23,"column":47}},"9":{"start":{"line":24,"column":6},"end":{"line":24,"column":13}},"10":{"start":{"line":26,"column":4},"end":{"line":26,"column":44}},"11":{"start":{"line":27,"column":4},"end":{"line":27,"column":24}},"12":{"start":{"line":28,"column":4},"end":{"line":28,"column":21}},"13":{"start":{"line":31,"column":2},"end":{"line":66,"column":4}},"14":{"start":{"line":45,"column":32},"end":{"line":45,"column":50}},"15":{"start":{"line":54,"column":32},"end":{"line":54,"column":53}},"16":{"start":{"line":60,"column":23},"end":{"line":60,"column":31}},"17":{"start":{"line":69,"column":15},"end":{"line":92,"column":2}}},"fnMap":{"0":{"name":"(anonymous_0)","decl":{"start":{"line":13,"column":5},"end":{"line":13,"column":6}},"loc":{"start":{"line":13,"column":37},"end":{"line":67,"column":1}},"line":13},"1":{"name":"(anonymous_1)","decl":{"start":{"line":17,"column":17},"end":{"line":17,"column":18}},"loc":{"start":{"line":17,"column":23},"end":{"line":29,"column":3}},"line":17},"2":{"name":"(anonymous_2)","decl":{"start":{"line":45,"column":24},"end":{"line":45,"column":25}},"loc":{"start":{"line":45,"column":32},"end":{"line":45,"column":50}},"line":45},"3":{"name":"(anonymous_3)","decl":{"start":{"line":54,"column":24},"end":{"line":54,"column":25}},"loc":{"start":{"line":54,"column":32},"end":{"line":54,"column":53}},"line":54},"4":{"name":"(anonymous_4)","decl":{"start":{"line":60,"column":17},"end":{"line":60,"column":18}},"loc":{"start":{"line":60,"column":23},"end":{"line":60,"column":31}},"line":60}},"branchMap":{"0":{"loc":{"start":{"line":18,"column":4},"end":{"line":21,"column":5}},"type":"if","locations":[{"start":{"line":18,"column":4},"end":{"line":21,"column":5}},{"start":{"line":18,"column":4},"end":{"line":21,"column":5}}],"line":18},"1":{"loc":{"start":{"line":22,"column":4},"end":{"line":25,"column":5}},"type":"if","locations":[{"start":{"line":22,"column":4},"end":{"line":25,"column":5}},{"start":{"line":22,"column":4},"end":{"line":25,"column":5}}],"line":22}},"s":{"0":1,"1":9,"2":9,"3":9,"4":2,"5":0,"6":0,"7":2,"8":0,"9":0,"10":2,"11":2,"12":2,"13":9,"14":2,"15":2,"16":2,"17":1},"f":{"0":9,"1":2,"2":2,"3":2,"4":2},"b":{"0":[0,2],"1":[0,2]},"_coverageSchema":"1a1c01bbd47fc00a2c39e90264f33305004495a9","hash":"e98358cc05af6b457400f8522cc04d535a81ca71"}
,"/Users/thegoods/Development/reactNativeApps/foodTrack/mockdata/data.tsx": {"path":"/Users/thegoods/Development/reactNativeApps/foodTrack/mockdata/data.tsx","statementMap":{"0":{"start":{"line":3,"column":55},"end":{"line":16,"column":1}}},"fnMap":{},"branchMap":{},"s":{"0":1},"f":{},"b":{},"_coverageSchema":"1a1c01bbd47fc00a2c39e90264f33305004495a9","hash":"382edadf949566b140216de5b13527c530d561c2"}
,"/Users/thegoods/Development/reactNativeApps/foodTrack/screens/Profile.tsx": {"path":"/Users/thegoods/Development/reactNativeApps/foodTrack/screens/Profile.tsx","statementMap":{"0":{"start":{"line":11,"column":16},"end":{"line":59,"column":1}},"1":{"start":{"line":13,"column":42},"end":{"line":13,"column":68}},"2":{"start":{"line":15,"column":46},"end":{"line":19,"column":4}},"3":{"start":{"line":21,"column":2},"end":{"line":58,"column":3}},"4":{"start":{"line":22,"column":4},"end":{"line":31,"column":6}},"5":{"start":{"line":32,"column":9},"end":{"line":58,"column":3}},"6":{"start":{"line":33,"column":4},"end":{"line":51,"column":6}},"7":{"start":{"line":39,"column":16},"end":{"line":41,"column":18}},"8":{"start":{"line":53,"column":4},"end":{"line":57,"column":6}},"9":{"start":{"line":61,"column":15},"end":{"line":89,"column":2}}},"fnMap":{"0":{"name":"(anonymous_0)","decl":{"start":{"line":11,"column":16},"end":{"line":11,"column":17}},"loc":{"start":{"line":11,"column":55},"end":{"line":59,"column":1}},"line":11},"1":{"name":"(anonymous_1)","decl":{"start":{"line":38,"column":14},"end":{"line":38,"column":15}},"loc":{"start":{"line":38,"column":55},"end":{"line":42,"column":15}},"line":38}},"branchMap":{"0":{"loc":{"start":{"line":21,"column":2},"end":{"line":58,"column":3}},"type":"if","locations":[{"start":{"line":21,"column":2},"end":{"line":58,"column":3}},{"start":{"line":21,"column":2},"end":{"line":58,"column":3}}],"line":21},"1":{"loc":{"start":{"line":32,"column":9},"end":{"line":58,"column":3}},"type":"if","locations":[{"start":{"line":32,"column":9},"end":{"line":58,"column":3}},{"start":{"line":32,"column":9},"end":{"line":58,"column":3}}],"line":32},"2":{"loc":{"start":{"line":35,"column":9},"end":{"line":49,"column":9}},"type":"cond-expr","locations":[{"start":{"line":36,"column":10},"end":{"line":44,"column":17}},{"start":{"line":46,"column":10},"end":{"line":48,"column":17}}],"line":35}},"s":{"0":1,"1":1,"2":1,"3":1,"4":0,"5":1,"6":1,"7":1,"8":0,"9":1},"f":{"0":1,"1":1},"b":{"0":[0,1],"1":[1,0],"2":[1,0]},"_coverageSchema":"1a1c01bbd47fc00a2c39e90264f33305004495a9","hash":"b915e83faf3a7353458f0d1eeaf5ec81e5a4ec06"}
,"/Users/thegoods/Development/reactNativeApps/foodTrack/screens/WhatDidYouEat.tsx": {"path":"/Users/thegoods/Development/reactNativeApps/foodTrack/screens/WhatDidYouEat.tsx","statementMap":{"0":{"start":{"line":16,"column":22},"end":{"line":104,"column":1}},"1":{"start":{"line":17,"column":43},"end":{"line":17,"column":70}},"2":{"start":{"line":19,"column":28},"end":{"line":19,"column":57}},"3":{"start":{"line":21,"column":24},"end":{"line":29,"column":3}},"4":{"start":{"line":22,"column":28},"end":{"line":22,"column":29}},"5":{"start":{"line":23,"column":4},"end":{"line":27,"column":5}},"6":{"start":{"line":24,"column":6},"end":{"line":26,"column":9}},"7":{"start":{"line":25,"column":8},"end":{"line":25,"column":70}},"8":{"start":{"line":28,"column":4},"end":{"line":28,"column":29}},"9":{"start":{"line":30,"column":25},"end":{"line":44,"column":3}},"10":{"start":{"line":31,"column":22},"end":{"line":34,"column":5}},"11":{"start":{"line":35,"column":4},"end":{"line":43,"column":5}},"12":{"start":{"line":36,"column":6},"end":{"line":38,"column":9}},"13":{"start":{"line":40,"column":6},"end":{"line":42,"column":9}},"14":{"start":{"line":46,"column":28},"end":{"line":49,"column":3}},"15":{"start":{"line":47,"column":23},"end":{"line":47,"column":79}},"16":{"start":{"line":47,"column":52},"end":{"line":47,"column":78}},"17":{"start":{"line":48,"column":4},"end":{"line":48,"column":54}},"18":{"start":{"line":51,"column":18},"end":{"line":59,"column":3}},"19":{"start":{"line":52,"column":4},"end":{"line":52,"column":28}},"20":{"start":{"line":53,"column":4},"end":{"line":55,"column":5}},"21":{"start":{"line":54,"column":6},"end":{"line":54,"column":13}},"22":{"start":{"line":58,"column":4},"end":{"line":58,"column":44}},"23":{"start":{"line":61,"column":2},"end":{"line":103,"column":4}},"24":{"start":{"line":82,"column":16},"end":{"line":88,"column":18}},"25":{"start":{"line":106,"column":15},"end":{"line":140,"column":2}}},"fnMap":{"0":{"name":"(anonymous_0)","decl":{"start":{"line":16,"column":22},"end":{"line":16,"column":23}},"loc":{"start":{"line":16,"column":58},"end":{"line":104,"column":1}},"line":16},"1":{"name":"(anonymous_1)","decl":{"start":{"line":21,"column":24},"end":{"line":21,"column":25}},"loc":{"start":{"line":21,"column":30},"end":{"line":29,"column":3}},"line":21},"2":{"name":"(anonymous_2)","decl":{"start":{"line":24,"column":35},"end":{"line":24,"column":36}},"loc":{"start":{"line":24,"column":66},"end":{"line":26,"column":7}},"line":24},"3":{"name":"(anonymous_3)","decl":{"start":{"line":30,"column":25},"end":{"line":30,"column":26}},"loc":{"start":{"line":30,"column":70},"end":{"line":44,"column":3}},"line":30},"4":{"name":"(anonymous_4)","decl":{"start":{"line":46,"column":28},"end":{"line":46,"column":29}},"loc":{"start":{"line":46,"column":54},"end":{"line":49,"column":3}},"line":46},"5":{"name":"(anonymous_5)","decl":{"start":{"line":47,"column":44},"end":{"line":47,"column":45}},"loc":{"start":{"line":47,"column":52},"end":{"line":47,"column":78}},"line":47},"6":{"name":"(anonymous_6)","decl":{"start":{"line":51,"column":18},"end":{"line":51,"column":19}},"loc":{"start":{"line":51,"column":24},"end":{"line":59,"column":3}},"line":51},"7":{"name":"(anonymous_7)","decl":{"start":{"line":81,"column":39},"end":{"line":81,"column":40}},"loc":{"start":{"line":81,"column":62},"end":{"line":89,"column":15}},"line":81}},"branchMap":{"0":{"loc":{"start":{"line":23,"column":4},"end":{"line":27,"column":5}},"type":"if","locations":[{"start":{"line":23,"column":4},"end":{"line":27,"column":5}},{"start":{"line":23,"column":4},"end":{"line":27,"column":5}}],"line":23},"1":{"loc":{"start":{"line":35,"column":4},"end":{"line":43,"column":5}},"type":"if","locations":[{"start":{"line":35,"column":4},"end":{"line":43,"column":5}},{"start":{"line":35,"column":4},"end":{"line":43,"column":5}}],"line":35},"2":{"loc":{"start":{"line":53,"column":4},"end":{"line":55,"column":5}},"type":"if","locations":[{"start":{"line":53,"column":4},"end":{"line":55,"column":5}},{"start":{"line":53,"column":4},"end":{"line":55,"column":5}}],"line":53},"3":{"loc":{"start":{"line":80,"column":11},"end":{"line":90,"column":18}},"type":"cond-expr","locations":[{"start":{"line":81,"column":14},"end":{"line":89,"column":16}},{"start":{"line":90,"column":14},"end":{"line":90,"column":18}}],"line":80}},"s":{"0":1,"1":5,"2":5,"3":5,"4":5,"5":5,"6":3,"7":2,"8":5,"9":5,"10":2,"11":2,"12":2,"13":0,"14":5,"15":1,"16":0,"17":1,"18":5,"19":0,"20":0,"21":0,"22":0,"23":5,"24":2,"25":1},"f":{"0":5,"1":5,"2":2,"3":2,"4":1,"5":0,"6":0,"7":2},"b":{"0":[3,2],"1":[2,0],"2":[0,0],"3":[3,2]},"_coverageSchema":"1a1c01bbd47fc00a2c39e90264f33305004495a9","hash":"b1d915c1328bb11862315956065971dd54d19780"}
}
