TN:
SF:components/CompletedDayListItem.tsx
FN:7,(anonymous_0)
FN:18,(anonymous_1)
FNF:2
FNH:2
FNDA:1,(anonymous_0)
FNDA:2,(anonymous_1)
DA:7,1
DA:8,1
DA:19,2
DA:42,1
LF:4
LH:4
BRDA:10,0,0,1
BRDA:10,0,1,0
BRDA:10,1,0,1
BRDA:10,1,1,1
BRF:4
BRH:3
end_of_record
TN:
SF:components/Food.tsx
FN:8,(anonymous_0)
FN:19,(anonymous_1)
FNF:2
FNH:2
FNDA:3,(anonymous_0)
FNDA:1,(anonymous_1)
DA:8,2
DA:9,3
DA:19,1
DA:28,2
LF:4
LH:4
BRF:0
BRH:0
end_of_record
TN:
SF:components/FoodInputBar.tsx
FN:13,(anonymous_0)
FN:17,(anonymous_1)
FN:45,(anonymous_2)
FN:54,(anonymous_3)
FN:60,(anonymous_4)
FNF:5
FNH:5
FNDA:9,(anonymous_0)
FNDA:2,(anonymous_1)
FNDA:2,(anonymous_2)
FNDA:2,(anonymous_3)
FNDA:2,(anonymous_4)
DA:13,1
DA:14,9
DA:15,9
DA:17,9
DA:18,2
DA:19,0
DA:20,0
DA:22,2
DA:23,0
DA:24,0
DA:26,2
DA:27,2
DA:28,2
DA:31,9
DA:45,2
DA:54,2
DA:60,2
DA:69,1
LF:18
LH:14
BRDA:18,0,0,0
BRDA:18,0,1,2
BRDA:22,1,0,0
BRDA:22,1,1,2
BRF:4
BRH:2
end_of_record
TN:
SF:mockdata/data.tsx
FNF:0
FNH:0
DA:3,1
LF:1
LH:1
BRF:0
BRH:0
end_of_record
TN:
SF:screens/Profile.tsx
FN:11,(anonymous_0)
FN:38,(anonymous_1)
FNF:2
FNH:2
FNDA:1,(anonymous_0)
FNDA:1,(anonymous_1)
DA:11,1
DA:13,1
DA:15,1
DA:21,1
DA:22,0
DA:32,1
DA:33,1
DA:39,1
DA:53,0
DA:61,1
LF:10
LH:8
BRDA:21,0,0,0
BRDA:21,0,1,1
BRDA:32,1,0,1
BRDA:32,1,1,0
BRDA:35,2,0,1
BRDA:35,2,1,0
BRF:6
BRH:3
end_of_record
TN:
SF:screens/WhatDidYouEat.tsx
FN:16,(anonymous_0)
FN:21,(anonymous_1)
FN:24,(anonymous_2)
FN:30,(anonymous_3)
FN:46,(anonymous_4)
FN:47,(anonymous_5)
FN:51,(anonymous_6)
FN:81,(anonymous_7)
FNF:8
FNH:6
FNDA:5,(anonymous_0)
FNDA:5,(anonymous_1)
FNDA:2,(anonymous_2)
FNDA:2,(anonymous_3)
FNDA:1,(anonymous_4)
FNDA:0,(anonymous_5)
FNDA:0,(anonymous_6)
FNDA:2,(anonymous_7)
DA:16,1
DA:17,5
DA:19,5
DA:21,5
DA:22,5
DA:23,5
DA:24,3
DA:25,2
DA:28,5
DA:30,5
DA:31,2
DA:35,2
DA:36,2
DA:40,0
DA:46,5
DA:47,1
DA:48,1
DA:51,5
DA:52,0
DA:53,0
DA:54,0
DA:58,0
DA:61,5
DA:82,2
DA:106,1
LF:25
LH:20
BRDA:23,0,0,3
BRDA:23,0,1,2
BRDA:35,1,0,2
BRDA:35,1,1,0
BRDA:53,2,0,0
BRDA:53,2,1,0
BRDA:80,3,0,3
BRDA:80,3,1,2
BRF:8
BRH:5
end_of_record
